<?xml version="1.0" encoding="UTF-8"?>
<!-- Generated by org.testng.reporters.JUnitReportReporter -->
<testsuite skipped="0" hostname="DESKTOP-A3KBNKL" name="com.pp.Mytt" tests="1" failures="0" timestamp="29 Mar 2020 02:23:19 GMT" time="0.021" errors="0">
  <testcase name="m1" time="0.021" classname="com.pp.Mytt"/>
</testsuite> <!-- com.pp.Mytt -->
